<?xml version="1.0" encoding="UTF-8"?>
<testsuite name="com.example.shopcouponms.ShopCouponMsApplicationTests" tests="1" skipped="0" failures="0" errors="0" timestamp="2024-03-06T02:36:16" hostname="DESKTOP-GP3ULM7" time="0.461">
  <properties/>
  <testcase name="contextLoads()" classname="com.example.shopcouponms.ShopCouponMsApplicationTests" time="0.461"/>
  <system-out><![CDATA[Standard Commons Logging discovery in action with spring-jcl: please remove commons-logging.jar from classpath in order to avoid potential conflicts
21:35:57.032 [Test worker] INFO org.springframework.test.context.support.AnnotationConfigContextLoaderUtils -- Could not detect default configuration classes for test class [com.example.shopcouponms.ShopCouponMsApplicationTests]: ShopCouponMsApplicationTests does not declare any static, non-private, non-final, nested classes annotated with @Configuration.
21:35:57.114 [Test worker] INFO org.springframework.boot.test.context.SpringBootTestContextBootstrapper -- Found @SpringBootConfiguration com.example.shopcouponms.ShopCouponMsApplication for test class com.example.shopcouponms.ShopCouponMsApplicationTests

  .   ____          _            __ _ _
 /\\ / ___'_ __ _ _(_)_ __  __ _ \ \ \ \
( ( )\___ | '_ | '_| | '_ \/ _` | \ \ \ \
 \\/  ___)| |_)| | | | | || (_| |  ) ) ) )
  '  |____| .__|_| |_|_| |_\__, | / / / /
 =========|_|==============|___/=/_/_/_/
 :: Spring Boot ::                (v3.2.3)

2024-03-05T21:35:57.476-05:00  INFO 22800 --- [SHOP-COUPON-MS] [    Test worker] c.e.s.ShopCouponMsApplicationTests       : Starting ShopCouponMsApplicationTests using Java 17.0.10 with PID 22800 (started by User in F:\Universidad\Trabajo\Repos Pruebas\shop-coupon-ms)
2024-03-05T21:35:57.477-05:00  INFO 22800 --- [SHOP-COUPON-MS] [    Test worker] c.e.s.ShopCouponMsApplicationTests       : No active profile set, falling back to 1 default profile: "default"
2024-03-05T21:35:58.003-05:00  INFO 22800 --- [SHOP-COUPON-MS] [    Test worker] .s.d.r.c.RepositoryConfigurationDelegate : Bootstrapping Spring Data JPA repositories in DEFAULT mode.
2024-03-05T21:35:58.062-05:00  INFO 22800 --- [SHOP-COUPON-MS] [    Test worker] .s.d.r.c.RepositoryConfigurationDelegate : Finished Spring Data repository scanning in 50 ms. Found 1 JPA repository interface.
2024-03-05T21:36:01.217-05:00  INFO 22800 --- [SHOP-COUPON-MS] [    Test worker] org.flywaydb.core.FlywayExecutor         : Database: jdbc:mysql://roundhouse.proxy.rlwy.net:58823/railway (MySQL 8.3)
2024-03-05T21:36:02.319-05:00  WARN 22800 --- [SHOP-COUPON-MS] [    Test worker] o.f.c.internal.database.base.Database    : Flyway upgrade recommended: MySQL 8.3 is newer than this version of Flyway and support has not been tested. The latest supported version of MySQL is 8.1.
2024-03-05T21:36:03.009-05:00  INFO 22800 --- [SHOP-COUPON-MS] [    Test worker] o.f.c.i.s.JdbcTableSchemaHistory         : Schema history table `railway`.`flyway_schema_history` does not exist yet
2024-03-05T21:36:03.281-05:00  INFO 22800 --- [SHOP-COUPON-MS] [    Test worker] o.f.core.internal.command.DbValidate     : Successfully validated 1 migration (execution time 00:00.820s)
2024-03-05T21:36:05.047-05:00  INFO 22800 --- [SHOP-COUPON-MS] [    Test worker] o.f.c.i.s.JdbcTableSchemaHistory         : Creating Schema History table `railway`.`flyway_schema_history` ...
2024-03-05T21:36:07.557-05:00  INFO 22800 --- [SHOP-COUPON-MS] [    Test worker] o.f.core.internal.command.DbMigrate      : Current version of schema `railway`: << Empty Schema >>
2024-03-05T21:36:08.240-05:00  INFO 22800 --- [SHOP-COUPON-MS] [    Test worker] o.f.core.internal.command.DbMigrate      : Migrating schema `railway` to version "20240304162904 - create favorite stats table"
2024-03-05T21:36:08.820-05:00  WARN 22800 --- [SHOP-COUPON-MS] [    Test worker] o.f.c.i.s.DefaultSqlScriptExecutor       : DB: Integer display width is deprecated and will be removed in a future release. (SQL State: HY000 - Error Code: 1681)
2024-03-05T21:36:08.820-05:00  WARN 22800 --- [SHOP-COUPON-MS] [    Test worker] o.f.c.i.s.DefaultSqlScriptExecutor       : DB: 'utf8' is currently an alias for the character set UTF8MB3, but will be an alias for UTF8MB4 in a future release. Please consider using UTF8MB4 in order to be unambiguous. (SQL State: HY000 - Error Code: 3719)
2024-03-05T21:36:11.804-05:00  INFO 22800 --- [SHOP-COUPON-MS] [    Test worker] o.f.core.internal.command.DbMigrate      : Successfully applied 1 migration to schema `railway`, now at version v20240304162904 (execution time 00:01.119s)
2024-03-05T21:36:12.815-05:00  INFO 22800 --- [SHOP-COUPON-MS] [    Test worker] o.hibernate.jpa.internal.util.LogHelper  : HHH000204: Processing PersistenceUnitInfo [name: default]
2024-03-05T21:36:12.888-05:00  INFO 22800 --- [SHOP-COUPON-MS] [    Test worker] org.hibernate.Version                    : HHH000412: Hibernate ORM core version 6.4.4.Final
2024-03-05T21:36:12.926-05:00  INFO 22800 --- [SHOP-COUPON-MS] [    Test worker] o.h.c.internal.RegionFactoryInitiator    : HHH000026: Second-level cache disabled
2024-03-05T21:36:13.144-05:00  INFO 22800 --- [SHOP-COUPON-MS] [    Test worker] o.s.o.j.p.SpringPersistenceUnitInfo      : No LoadTimeWeaver setup: ignoring JPA class transformer
2024-03-05T21:36:13.170-05:00  INFO 22800 --- [SHOP-COUPON-MS] [    Test worker] com.zaxxer.hikari.HikariDataSource       : HikariPool-1 - Starting...
2024-03-05T21:36:14.533-05:00  INFO 22800 --- [SHOP-COUPON-MS] [    Test worker] com.zaxxer.hikari.pool.HikariPool        : HikariPool-1 - Added connection com.mysql.cj.jdbc.ConnectionImpl@7f1ad846
2024-03-05T21:36:14.534-05:00  INFO 22800 --- [SHOP-COUPON-MS] [    Test worker] com.zaxxer.hikari.HikariDataSource       : HikariPool-1 - Start completed.
2024-03-05T21:36:14.688-05:00  WARN 22800 --- [SHOP-COUPON-MS] [    Test worker] org.hibernate.orm.deprecation            : HHH90000025: MySQL8Dialect does not need to be specified explicitly using 'hibernate.dialect' (remove the property setting and it will be selected by default)
2024-03-05T21:36:14.688-05:00  WARN 22800 --- [SHOP-COUPON-MS] [    Test worker] org.hibernate.orm.deprecation            : HHH90000026: MySQL8Dialect has been deprecated; use org.hibernate.dialect.MySQLDialect instead
2024-03-05T21:36:15.291-05:00  INFO 22800 --- [SHOP-COUPON-MS] [    Test worker] o.h.e.t.j.p.i.JtaPlatformInitiator       : HHH000489: No JTA platform available (set 'hibernate.transaction.jta.platform' to enable JTA platform integration)
2024-03-05T21:36:15.722-05:00  INFO 22800 --- [SHOP-COUPON-MS] [    Test worker] j.LocalContainerEntityManagerFactoryBean : Initialized JPA EntityManagerFactory for persistence unit 'default'
2024-03-05T21:36:16.273-05:00  WARN 22800 --- [SHOP-COUPON-MS] [    Test worker] JpaBaseConfiguration$JpaWebConfiguration : spring.jpa.open-in-view is enabled by default. Therefore, database queries may be performed during view rendering. Explicitly configure spring.jpa.open-in-view to disable this warning
2024-03-05T21:36:16.766-05:00  INFO 22800 --- [SHOP-COUPON-MS] [    Test worker] c.e.s.ShopCouponMsApplicationTests       : Started ShopCouponMsApplicationTests in 19.499 seconds (process running for 20.487)
]]></system-out>
  <system-err><![CDATA[]]></system-err>
</testsuite>
